13:47:34.549 [main                     ] DEBUG Logger               - Configured Logger
13:47:34.568 [main                     ] DEBUG GameApplication      - Logging settings
Title: ATGM Simulator
Version: 0.1
Width: 1200
Height: 800
Fullscreen: false
Intro: false
Profiling: false
Single step:false
App Mode: DEVELOPER
Menu Key: ESCAPE
Stage Style: DECORATED
Scene Factory: class com.almasb.fxgl.app.scene.SceneFactory

13:47:34.803 [JavaFX Application Thread] DEBUG FXGLApplication      - Initializing FXGL
13:47:34.807 [JavaFX Application Thread] INFO  Engine               - FXGL-17.2 (20.08.2022 16.50) on WINDOWS (J:18.0.2 FX:18.0.2)
13:47:34.807 [JavaFX Application Thread] DEBUG Engine               - JRE Vendor Name: Oracle Corporation
13:47:34.808 [JavaFX Application Thread] DEBUG Engine               - Running on OS: Windows 10 version 10.0
13:47:34.808 [JavaFX Application Thread] DEBUG Engine               - Architecture: amd64
13:47:34.808 [JavaFX Application Thread] INFO  Engine               - Source code and latest versions at: https://github.com/AlmasB/FXGL
13:47:34.808 [JavaFX Application Thread] INFO  Engine               -       Ask questions and discuss at: https://github.com/AlmasB/FXGL/discussions
13:47:34.808 [JavaFX Application Thread] INFO  Engine               -              Join the FXGL chat at: https://gitter.im/AlmasB/FXGL
13:47:34.865 [JavaFX Application Thread] DEBUG PrimaryStageWindow   - Creating a JavaFX scene
13:47:34.893 [JavaFX Application Thread] DEBUG PrimaryStageWindow   - Target settings size: 1200.0 x 800.0
13:47:34.893 [JavaFX Application Thread] DEBUG PrimaryStageWindow   - Scaled scene size:    1200.0 x 800.0
13:47:34.894 [JavaFX Application Thread] DEBUG PrimaryStageWindow   - Scaled ratio: (1.0, 1.0)
13:47:34.894 [JavaFX Application Thread] DEBUG PrimaryStageWindow   - Set initial scene to FXGLStartupScene
13:47:34.898 [JavaFX Application Thread] DEBUG PrimaryStageWindow   - Opening main window
13:47:34.953 [JavaFX Application Thread] DEBUG PrimaryStageWindow   - Window border size: (16.0, 39.0)
13:47:34.953 [JavaFX Application Thread] DEBUG PrimaryStageWindow   - Scaled size: 1200.0 x 800.0
13:47:34.953 [JavaFX Application Thread] DEBUG PrimaryStageWindow   - Scaled ratio: (1.0, 1.0)
13:47:34.953 [JavaFX Application Thread] DEBUG PrimaryStageWindow   - Scene size: 1200.0 x 800.0
13:47:34.953 [JavaFX Application Thread] DEBUG PrimaryStageWindow   - Stage size: 1216.0 x 839.0
13:47:34.958 [FXGL Background Thread 1 ] DEBUG Engine               - Initializing environment variables
13:47:34.988 [FXGL Background Thread 1 ] DEBUG FXGLAssetLoaderServi - User app class for loading assets: class com.example.atgmsimulator.MainGameProcess
13:47:34.989 [FXGL Background Thread 1 ] DEBUG GameApplicationServi - Applying CSS: fxgl_dark.css
13:47:34.989 [FXGL Background Thread 1 ] DEBUG FXGLAssetLoaderServi - Loading from file system: jar:file:///C:/Users/tofit/.gradle/caches/modules-2/files-2.1/com.github.almasb/fxgl/17.2/35db6ae960eec2dcfd19262d3b7f9c42f0e95bc3/fxgl-17.2.jar!/fxglassets/ui/css/fxgl_dark.css
13:47:35.018 [FXGL Background Thread 1 ] DEBUG GameApplicationServi - Initializing application scenes
13:47:35.038 [FXGL Background Thread 1 ] DEBUG GameWorld            - Game world initialized
13:47:35.071 [FXGL Background Thread 1 ] DEBUG PhysicsWorld         - Physics world initialized: appHeight=800, physics.ppm=50.0
13:47:35.071 [FXGL Background Thread 1 ] DEBUG PhysicsWorld         - Using strategy: BRUTE_FORCE
13:47:35.074 [FXGL Background Thread 1 ] DEBUG GameScene            - Game scene initialized: 1200x800
13:47:35.086 [FXGL Background Thread 1 ] DEBUG FXGL.DefaultMenu     - createMenuBodyGameMenu()
13:47:35.094 [FXGL Background Thread 1 ] DEBUG FXGL.DefaultMenu     - createOptionsMenu()
13:47:35.100 [FXGL Background Thread 1 ] DEBUG FXGLAssetLoaderServi - Loading from file system: jar:file:///C:/Users/tofit/.gradle/caches/modules-2/files-2.1/com.github.almasb/fxgl/17.2/35db6ae960eec2dcfd19262d3b7f9c42f0e95bc3/fxgl-17.2.jar!/fxglassets/textures/particles/smoke.png
13:47:35.158 [FXGL Background Thread 1 ] DEBUG FXGLAssetLoaderServi - Loading from file system: jar:file:///C:/Users/tofit/.gradle/caches/modules-2/files-2.1/com.github.almasb/fxgl/17.2/35db6ae960eec2dcfd19262d3b7f9c42f0e95bc3/fxgl-17.2.jar!/fxglassets/textures/particles/trace_horizontal.png
13:47:35.178 [FXGL Background Thread 1 ] DEBUG GameApplicationServi - Application scenes initialized
13:47:35.185 [FXGL Background Thread 1 ] DEBUG SystemBundleService  - Loading FXGL system data
13:47:35.188 [FXGL Background Thread 1 ] DEBUG FileSystemAccess     - Reading from: C:\Users\tofit\IdeaProjects\ATGMSimulator\system\fxgl.bundle
13:47:35.194 [FXGL Background Thread 1 ] DEBUG SystemBundleService  - Bundle FXGL: {}
13:47:35.194 [FXGL Background Thread 1 ] DEBUG UpdaterService       - Checking for updates
13:47:35.196 [FXGL Background Thread 4 ] DEBUG FXGLApplication      - Loading fonts
13:47:35.196 [FXGL Background Thread 4 ] DEBUG FXGLAssetLoaderServi - Loading from file system: jar:file:///C:/Users/tofit/.gradle/caches/modules-2/files-2.1/com.github.almasb/fxgl/17.2/35db6ae960eec2dcfd19262d3b7f9c42f0e95bc3/fxgl-17.2.jar!/fxglassets/ui/fonts/VarelaRound-Regular.ttf
13:47:35.196 [FXGL Background Thread 1 ] DEBUG FXGLApplication      - Loading default localization
13:47:35.197 [FXGL Background Thread 1 ] DEBUG FXGLAssetLoaderServi - Loading from file system: jar:file:///C:/Users/tofit/.gradle/caches/modules-2/files-2.1/com.github.almasb/fxgl/17.2/35db6ae960eec2dcfd19262d3b7f9c42f0e95bc3/fxgl-17.2.jar!/fxglassets/languages/english.lang
13:47:35.208 [FXGL Background Thread 1 ] INFO  FXGLApplication      - FXGL initialization took: 0.250 sec
13:47:35.215 [JavaFX Application Thread] DEBUG Input                - Registered new binding: action0 - D
13:47:35.215 [JavaFX Application Thread] DEBUG Input                - Registered new binding: action1 - A
13:47:35.216 [JavaFX Application Thread] DEBUG Input                - Registered new binding: action2 - W
13:47:35.216 [JavaFX Application Thread] DEBUG Input                - Registered new binding: action3 - S
13:47:35.216 [JavaFX Application Thread] DEBUG FXGLAssetLoaderServi - Loading from file system: jar:file:///C:/Users/tofit/.gradle/caches/modules-2/files-2.1/com.github.almasb/fxgl/17.2/35db6ae960eec2dcfd19262d3b7f9c42f0e95bc3/fxgl-17.2.jar!/fxglassets/textures/fxgl_icon.png
13:47:35.233 [JavaFX Application Thread] DEBUG FXGLAssetLoaderServi - Loading from file system: jar:file:///C:/Users/tofit/.gradle/caches/modules-2/files-2.1/com.github.almasb/fxgl/17.2/35db6ae960eec2dcfd19262d3b7f9c42f0e95bc3/fxgl-17.2.jar!/fxglassets/textures/fxgl_default_cursor.png
13:47:35.235 [JavaFX Application Thread] DEBUG Input                - Registered new binding: Screenshot - CTRL+8
13:47:35.235 [JavaFX Application Thread] DEBUG Input                - Registered new binding: System info dump - CTRL+9
13:47:35.236 [JavaFX Application Thread] DEBUG Input                - Registered new binding: Restart - CTRL+R
13:47:35.236 [JavaFX Application Thread] DEBUG Input                - Registered new binding: Toggle Debug Camera - CTRL+7
13:47:35.237 [JavaFX Application Thread] DEBUG LoopRunner           - Starting loop
13:47:35.237 [FXGL Background Thread 4 ] DEBUG FXGLAssetLoaderServi - Loading from file system: jar:file:///C:/Users/tofit/.gradle/caches/modules-2/files-2.1/com.github.almasb/fxgl/17.2/35db6ae960eec2dcfd19262d3b7f9c42f0e95bc3/fxgl-17.2.jar!/fxglassets/ui/fonts/Abel-Regular.ttf
13:47:35.237 [JavaFX Application Thread] DEBUG LoopRunner           - Initializing JavaFX AnimationTimerLoop
13:47:35.238 [JavaFX Application Thread] DEBUG GameApplicationServi - Starting new game
13:47:35.239 [JavaFX Application Thread] DEBUG Input                - Clearing active input actions
13:47:35.244 [FXGL Background Thread 4 ] DEBUG FXGLAssetLoaderServi - Loading from file system: jar:file:///C:/Users/tofit/.gradle/caches/modules-2/files-2.1/com.github.almasb/fxgl/17.2/35db6ae960eec2dcfd19262d3b7f9c42f0e95bc3/fxgl-17.2.jar!/fxglassets/ui/fonts/TerminalLandMono-Regular.otf
13:47:35.246 [JavaFX Application Thread] DEBUG GameApplicationServi - Removing overlay from FXGLStartupScene and adding to FXGLLoadingScene
13:47:35.246 [JavaFX Application Thread] DEBUG PrimaryStageWindow   - FXGLStartupScene -> FXGLLoadingScene
13:47:35.246 [JavaFX Application Thread] DEBUG GameApplicationServi - Clearing previous game
13:47:35.246 [JavaFX Application Thread] DEBUG GameScene            - Clearing game scene
13:47:35.246 [JavaFX Application Thread] DEBUG GameWorld            - Clearing game world
13:47:35.246 [JavaFX Application Thread] DEBUG PhysicsWorld         - Clearing physics world
13:47:35.247 [FXGL Background Thread 1 ] DEBUG FXGLApplication      - Initializing game
13:47:35.252 [FXGL Background Thread 4 ] DEBUG FXGLAssetLoaderServi - Loading from file system: jar:file:///C:/Users/tofit/.gradle/caches/modules-2/files-2.1/com.github.almasb/fxgl/17.2/35db6ae960eec2dcfd19262d3b7f9c42f0e95bc3/fxgl-17.2.jar!/fxglassets/ui/fonts/Courier-Prime.ttf
13:47:35.259 [FXGL Background Thread 1 ] DEBUG FXGLAssetLoaderServi - Loading from file system: file:/C:/Users/tofit/IdeaProjects/ATGMSimulator/src/main/resources/assets/textures/ATGMrocket.png
13:47:35.274 [JavaFX Application Thread] DEBUG FXGLApplication      - Registering font factories with UI factory
13:47:35.275 [FXGL Background Thread 1 ] DEBUG FXGLAssetLoaderServi - Loading from file system: file:/C:/Users/tofit/IdeaProjects/ATGMSimulator/src/main/resources/assets/textures/T90M.png
13:47:35.288 [FXGL Background Thread 1 ] WARN  Entity               - Entity already has component: com.almasb.fxgl.entity.components.CollidableComponent
13:47:35.289 [FXGL Background Thread 1 ] INFO  FXGLApplication      - Game initialization took: 0.041 sec
13:47:35.311 [JavaFX Application Thread] DEBUG Input                - Clearing active input actions
13:47:35.319 [JavaFX Application Thread] DEBUG GameApplicationServi - Removing overlay from FXGLLoadingScene and adding to GameScene
13:47:35.319 [JavaFX Application Thread] DEBUG PrimaryStageWindow   - FXGLLoadingScene -> GameScene
13:47:35.325 [JavaFX Application Thread] DEBUG LoopRunner           - Stopping loop
13:47:35.332 [JavaFX Application Thread] FATAL FXGLApplication      - Uncaught Exception:
java.lang.IndexOutOfBoundsException: Index 0 out of bounds for length 0
	at java.base/jdk.internal.util.Preconditions.outOfBounds(Preconditions.java:100)
	at java.base/jdk.internal.util.Preconditions.outOfBoundsCheckIndex(Preconditions.java:106)
	at java.base/jdk.internal.util.Preconditions.checkIndex(Preconditions.java:302)
	at java.base/java.util.Objects.checkIndex(Objects.java:359)
	at java.base/java.util.ArrayList.get(ArrayList.java:427)
	at com.example.atgmsimulator@1.0-SNAPSHOT/com.example.atgmsimulator.components.RocketComponent.onUpdate(RocketComponent.java:30)
	at com.almasb.fxgl.entity@17.2/com.almasb.fxgl.entity.Entity$ComponentMap.update(Entity.java:60)
	at com.almasb.fxgl.entity@17.2/com.almasb.fxgl.entity.Entity.update(Entity.java:248)
	at com.almasb.fxgl.entity@17.2/com.almasb.fxgl.entity.GameWorld.onUpdate(GameWorld.kt:177)
	at com.almasb.fxgl.all@17.2/com.almasb.fxgl.app.scene.GameScene.step(GameScene.kt:228)
	at com.almasb.fxgl.all@17.2/com.almasb.fxgl.app.scene.GameScene.onUpdate(GameScene.kt:224)
	at com.almasb.fxgl.scene@17.2/com.almasb.fxgl.scene.Scene.update(Scene.kt:105)
	at com.almasb.fxgl.all@17.2/com.almasb.fxgl.app.MainWindow$update$1.invoke(MainWindow.kt:115)
	at com.almasb.fxgl.all@17.2/com.almasb.fxgl.app.MainWindow$update$1.invoke(MainWindow.kt:115)
	at com.almasb.fxgl.core@17.2/com.almasb.fxgl.core.fsm.StateMachine.runOnActiveStates(StateMachine.kt:69)
	at com.almasb.fxgl.all@17.2/com.almasb.fxgl.app.MainWindow.update(MainWindow.kt:115)
	at com.almasb.fxgl.all@17.2/com.almasb.fxgl.app.FXGLApplication$GameApplicationService.onUpdate(FXGLApplication.kt:426)
	at com.almasb.fxgl.all@17.2/com.almasb.fxgl.app.Engine.loop(Engine.kt:134)
	at com.almasb.fxgl.all@17.2/com.almasb.fxgl.app.Engine.access$loop(Engine.kt:24)
	at com.almasb.fxgl.all@17.2/com.almasb.fxgl.app.Engine$loop$1.invoke(Engine.kt:28)
	at com.almasb.fxgl.all@17.2/com.almasb.fxgl.app.Engine$loop$1.invoke(Engine.kt:28)
	at com.almasb.fxgl.all@17.2/com.almasb.fxgl.app.LoopRunner.frame(LoopRunner.kt:103)
	at com.almasb.fxgl.all@17.2/com.almasb.fxgl.app.LoopRunner.access$frame(LoopRunner.kt:23)
	at com.almasb.fxgl.all@17.2/com.almasb.fxgl.app.LoopRunner$impl$2$1.onTick(LoopRunner.kt:57)
	at com.almasb.fxgl.all@17.2/com.almasb.fxgl.app.AnimationTimerLoop$timer$1.handle(LoopRunner.kt:137)
	at javafx.graphics@18.0.2/javafx.animation.AnimationTimer$AnimationTimerReceiver.lambda$handle$0(AnimationTimer.java:58)
	at java.base/java.security.AccessController.doPrivileged(AccessController.java:399)
	at javafx.graphics@18.0.2/javafx.animation.AnimationTimer$AnimationTimerReceiver.handle(AnimationTimer.java:57)
	at javafx.graphics@18.0.2/com.sun.scenario.animation.AbstractPrimaryTimer.timePulseImpl(AbstractPrimaryTimer.java:356)
	at javafx.graphics@18.0.2/com.sun.scenario.animation.AbstractPrimaryTimer$MainLoop.run(AbstractPrimaryTimer.java:266)
	at javafx.graphics@18.0.2/com.sun.javafx.tk.quantum.QuantumToolkit.pulse(QuantumToolkit.java:571)
	at javafx.graphics@18.0.2/com.sun.javafx.tk.quantum.QuantumToolkit.pulse(QuantumToolkit.java:555)
	at javafx.graphics@18.0.2/com.sun.javafx.tk.quantum.QuantumToolkit.pulseFromQueue(QuantumToolkit.java:548)
	at javafx.graphics@18.0.2/com.sun.javafx.tk.quantum.QuantumToolkit.lambda$runToolkit$11(QuantumToolkit.java:352)
	at javafx.graphics@18.0.2/com.sun.glass.ui.InvokeLaterDispatcher$Future.run(InvokeLaterDispatcher.java:96)
	at javafx.graphics@18.0.2/com.sun.glass.ui.win.WinApplication._runLoop(Native Method)
	at javafx.graphics@18.0.2/com.sun.glass.ui.win.WinApplication.lambda$runLoop$3(WinApplication.java:184)
	at java.base/java.lang.Thread.run(Thread.java:833)

13:47:35.332 [JavaFX Application Thread] FATAL FXGLApplication      - Application will now exit
13:47:35.347 [JavaFX Application Thread] DEBUG PrimaryStageWindow   - Push state: ErrorSubScene
13:47:35.347 [JavaFX Application Thread] DEBUG Input                - Clearing active input actions
13:47:35.350 [JavaFX Application Thread] DEBUG GameApplicationServi - Removing overlay from GameScene and adding to ErrorSubScene
13:47:35.351 [JavaFX Application Thread] DEBUG PrimaryStageWindow   - GameScene -> ErrorSubScene
13:47:35.718 [FXGL Background Thread 2 ] INFO  UpdaterService       - Your current version:  17.2
13:47:35.719 [FXGL Background Thread 2 ] INFO  UpdaterService       - Latest stable version: 17.3
13:47:38.196 [FXGL Background Thread 3 ] DEBUG Engine               - Logging environment variables
13:47:38.196 [FXGL Background Thread 3 ] DEBUG Engine               - achievements: []
13:47:38.196 [FXGL Background Thread 3 ] DEBUG Engine               - actualHeight: 800.0
13:47:38.196 [FXGL Background Thread 3 ] DEBUG Engine               - actualHeightProperty: ReadOnlyDoubleProperty [value: 800.0]
13:47:38.196 [FXGL Background Thread 3 ] DEBUG Engine               - actualWidth: 1200.0
13:47:38.196 [FXGL Background Thread 3 ] DEBUG Engine               - actualWidthProperty: ReadOnlyDoubleProperty [value: 1200.0]
13:47:38.196 [FXGL Background Thread 3 ] DEBUG Engine               - appIcon: fxgl_icon.png
13:47:38.196 [FXGL Background Thread 3 ] DEBUG Engine               - applicationMode: DEVELOPER
13:47:38.197 [FXGL Background Thread 3 ] DEBUG Engine               - cSSList: [fxgl_dark.css]
13:47:38.197 [FXGL Background Thread 3 ] DEBUG Engine               - collisionDetectionStrategy: BRUTE_FORCE
13:47:38.197 [FXGL Background Thread 3 ] DEBUG Engine               - configClass: Optional.empty
13:47:38.197 [FXGL Background Thread 3 ] DEBUG Engine               - credits: []
13:47:38.197 [FXGL Background Thread 3 ] DEBUG Engine               - defaultCursor: CursorInfo(imageName=fxgl_default_cursor.png, hotspotX=7.0, hotspotY=6.0)
13:47:38.197 [FXGL Background Thread 3 ] DEBUG Engine               - devBBoxColorProperty: ObjectProperty [value: 0xff0000ff]
13:47:38.197 [FXGL Background Thread 3 ] DEBUG Engine               - devEnableDebugCameraProperty: BooleanProperty [value: false]
13:47:38.197 [FXGL Background Thread 3 ] DEBUG Engine               - devSensorColorProperty: ObjectProperty [value: 0xffff00ff]
13:47:38.197 [FXGL Background Thread 3 ] DEBUG Engine               - devShowBBoxProperty: BooleanProperty [value: false]
13:47:38.197 [FXGL Background Thread 3 ] DEBUG Engine               - devShowPositionProperty: BooleanProperty [value: false]
13:47:38.197 [FXGL Background Thread 3 ] DEBUG Engine               - enabledMenuItems: []
13:47:38.197 [FXGL Background Thread 3 ] DEBUG Engine               - engineServices: [class com.almasb.fxgl.app.services.FXGLAssetLoaderService, class com.almasb.fxgl.app.FXGLApplication$GameApplicationService, class com.almasb.fxgl.app.services.FXGLDialogService, class com.almasb.fxgl.app.services.IOTaskExecutorService, class com.almasb.fxgl.io.FileSystemService, class com.almasb.fxgl.localization.LocalizationService, class com.almasb.fxgl.app.services.SystemBundleService, class com.almasb.fxgl.profile.SaveLoadService, class com.almasb.fxgl.ui.FXGLUIFactoryServiceProvider, class com.almasb.fxgl.ui.FXGLDialogFactoryServiceProvider, class com.almasb.fxgl.audio.AudioPlayer, class com.almasb.fxgl.notification.impl.NotificationServiceProvider, class com.almasb.fxgl.achievement.AchievementService, class com.almasb.fxgl.cutscene.CutsceneService, class com.almasb.fxgl.minigames.MiniGameService, class com.almasb.fxgl.net.NetService, class com.almasb.fxgl.app.services.UpdaterService, class com.almasb.fxgl.dev.DevService]
13:47:38.197 [FXGL Background Thread 3 ] DEBUG Engine               - fontGame: Abel-Regular.ttf
13:47:38.197 [FXGL Background Thread 3 ] DEBUG Engine               - fontMono: TerminalLandMono-Regular.otf
13:47:38.198 [FXGL Background Thread 3 ] DEBUG Engine               - fontText: Courier-Prime.ttf
13:47:38.198 [FXGL Background Thread 3 ] DEBUG Engine               - fontUI: VarelaRound-Regular.ttf
13:47:38.198 [FXGL Background Thread 3 ] DEBUG Engine               - fullScreen: BooleanProperty [value: false]
13:47:38.198 [FXGL Background Thread 3 ] DEBUG Engine               - gameDifficulty: MEDIUM
13:47:38.198 [FXGL Background Thread 3 ] DEBUG Engine               - gameDifficultyProperty: ObjectProperty [value: MEDIUM]
13:47:38.198 [FXGL Background Thread 3 ] DEBUG Engine               - globalMusicVolume: 0.5
13:47:38.198 [FXGL Background Thread 3 ] DEBUG Engine               - globalMusicVolumeProperty: DoubleProperty [value: 0.5]
13:47:38.198 [FXGL Background Thread 3 ] DEBUG Engine               - globalSoundVolume: 0.5
13:47:38.198 [FXGL Background Thread 3 ] DEBUG Engine               - globalSoundVolumeProperty: DoubleProperty [value: 0.5]
13:47:38.198 [FXGL Background Thread 3 ] DEBUG Engine               - height: 800
13:47:38.198 [FXGL Background Thread 3 ] DEBUG Engine               - is3D: false
13:47:38.198 [FXGL Background Thread 3 ] DEBUG Engine               - isAndroid: false
13:47:38.198 [FXGL Background Thread 3 ] DEBUG Engine               - isBrowser: false
13:47:38.198 [FXGL Background Thread 3 ] DEBUG Engine               - isClickFeedbackEnabled: false
13:47:38.198 [FXGL Background Thread 3 ] DEBUG Engine               - isCloseConfirmation: false
13:47:38.198 [FXGL Background Thread 3 ] DEBUG Engine               - isDesktop: true
13:47:38.198 [FXGL Background Thread 3 ] DEBUG Engine               - isDeveloperMenuEnabled: false
13:47:38.198 [FXGL Background Thread 3 ] DEBUG Engine               - isEmbedded: false
13:47:38.198 [FXGL Background Thread 3 ] DEBUG Engine               - isEntityPreloadEnabled: true
13:47:38.198 [FXGL Background Thread 3 ] DEBUG Engine               - isExperimentalTiledLargeMap: false
13:47:38.199 [FXGL Background Thread 3 ] DEBUG Engine               - isFileSystemWriteAllowed: true
13:47:38.199 [FXGL Background Thread 3 ] DEBUG Engine               - isFullScreenAllowed: false
13:47:38.199 [FXGL Background Thread 3 ] DEBUG Engine               - isFullScreenFromStart: false
13:47:38.199 [FXGL Background Thread 3 ] DEBUG Engine               - isGameMenuEnabled: true
13:47:38.199 [FXGL Background Thread 3 ] DEBUG Engine               - isIOS: false
13:47:38.199 [FXGL Background Thread 3 ] DEBUG Engine               - isIntroEnabled: false
13:47:38.199 [FXGL Background Thread 3 ] DEBUG Engine               - isLinux: false
13:47:38.199 [FXGL Background Thread 3 ] DEBUG Engine               - isMac: false
13:47:38.199 [FXGL Background Thread 3 ] DEBUG Engine               - isMainMenuEnabled: false
13:47:38.199 [FXGL Background Thread 3 ] DEBUG Engine               - isManualResizeEnabled: true
13:47:38.199 [FXGL Background Thread 3 ] DEBUG Engine               - isMobile: false
13:47:38.199 [FXGL Background Thread 3 ] DEBUG Engine               - isNative: false
13:47:38.199 [FXGL Background Thread 3 ] DEBUG Engine               - isPauseMusicWhenMinimized: true
13:47:38.199 [FXGL Background Thread 3 ] DEBUG Engine               - isPreserveResizeRatio: false
13:47:38.199 [FXGL Background Thread 3 ] DEBUG Engine               - isProfilingEnabled: false
13:47:38.199 [FXGL Background Thread 3 ] DEBUG Engine               - isScaleAffectedOnResize: true
13:47:38.199 [FXGL Background Thread 3 ] DEBUG Engine               - isSingleStep: false
13:47:38.199 [FXGL Background Thread 3 ] DEBUG Engine               - isUserProfileEnabled: false
13:47:38.199 [FXGL Background Thread 3 ] DEBUG Engine               - isWindows: true
13:47:38.199 [FXGL Background Thread 3 ] DEBUG Engine               - language: ObjectProperty [value: ENGLISH]
13:47:38.199 [FXGL Background Thread 3 ] DEBUG Engine               - menuKey: ESCAPE
13:47:38.199 [FXGL Background Thread 3 ] DEBUG Engine               - mouseSensitivity: 0.2
13:47:38.200 [FXGL Background Thread 3 ] DEBUG Engine               - notificationViewClass: class com.almasb.fxgl.notification.view.XboxNotificationView
13:47:38.200 [FXGL Background Thread 3 ] DEBUG Engine               - pixelsPerMeter: 50.0
13:47:38.200 [FXGL Background Thread 3 ] DEBUG Engine               - platform: WINDOWS
13:47:38.200 [FXGL Background Thread 3 ] DEBUG Engine               - prefHeightProperty: ReadOnlyDoubleProperty [value: 800.0]
13:47:38.200 [FXGL Background Thread 3 ] DEBUG Engine               - prefWidthProperty: ReadOnlyDoubleProperty [value: 1200.0]
13:47:38.200 [FXGL Background Thread 3 ] DEBUG Engine               - profileDir: profiles/
13:47:38.200 [FXGL Background Thread 3 ] DEBUG Engine               - profileName: StringProperty [value: DEFAULT]
13:47:38.200 [FXGL Background Thread 3 ] DEBUG Engine               - randomSeed: -1
13:47:38.200 [FXGL Background Thread 3 ] DEBUG Engine               - runtimeInfo: RuntimeInfo(platform=WINDOWS, version=17.2, build=20.08.2022 16.50)
13:47:38.200 [FXGL Background Thread 3 ] DEBUG Engine               - saveFileExt: sav
13:47:38.200 [FXGL Background Thread 3 ] DEBUG Engine               - scaledHeightProp$fxgl: DoubleProperty [bound, value: 800.0]
13:47:38.200 [FXGL Background Thread 3 ] DEBUG Engine               - scaledWidthProp$fxgl: DoubleProperty [bound, value: 1200.0]
13:47:38.200 [FXGL Background Thread 3 ] DEBUG Engine               - sceneFactory: com.almasb.fxgl.app.scene.SceneFactory@3e04ff24
13:47:38.200 [FXGL Background Thread 3 ] DEBUG Engine               - secondsIn24h: 60
13:47:38.200 [FXGL Background Thread 3 ] DEBUG Engine               - soundMenuBack: menu/back.wav
13:47:38.200 [FXGL Background Thread 3 ] DEBUG Engine               - soundMenuPress: menu/press.wav
13:47:38.200 [FXGL Background Thread 3 ] DEBUG Engine               - soundMenuSelect: menu/select.wav
13:47:38.200 [FXGL Background Thread 3 ] DEBUG Engine               - soundNotification: core/notification.wav
13:47:38.201 [FXGL Background Thread 3 ] DEBUG Engine               - stageStyle: DECORATED
13:47:38.201 [FXGL Background Thread 3 ] DEBUG Engine               - supportedLanguages: [ENGLISH, FRENCH, GERMAN, HUNGARIAN, RUSSIAN]
13:47:38.201 [FXGL Background Thread 3 ] DEBUG Engine               - ticksPerSecond: -1
13:47:38.201 [FXGL Background Thread 3 ] DEBUG Engine               - title: ATGM Simulator
13:47:38.201 [FXGL Background Thread 3 ] DEBUG Engine               - urlGithub: https://github.com/AlmasB/FXGL
13:47:38.201 [FXGL Background Thread 3 ] DEBUG Engine               - urlLeaderboard: http://fxgl-top.herokuapp.com/
13:47:38.201 [FXGL Background Thread 3 ] DEBUG Engine               - urlPOM: https://raw.githubusercontent.com/AlmasB/FXGL/release/README.md
13:47:38.201 [FXGL Background Thread 3 ] DEBUG Engine               - userAppClass: class com.example.atgmsimulator.MainGameProcess
13:47:38.201 [FXGL Background Thread 3 ] DEBUG Engine               - version: 0.1
13:47:38.201 [FXGL Background Thread 3 ] DEBUG Engine               - versionCheckDays: 7
13:47:38.201 [FXGL Background Thread 3 ] DEBUG Engine               - width: 1200
13:47:38.201 [FXGL Background Thread 3 ] DEBUG Engine               - Logging services
13:47:38.201 [FXGL Background Thread 3 ] DEBUG Engine               - class com.almasb.fxgl.app.services.FXGLAssetLoaderService
13:47:38.201 [FXGL Background Thread 3 ] DEBUG Engine               - class com.almasb.fxgl.app.FXGLApplication$GameApplicationService
13:47:38.201 [FXGL Background Thread 3 ] DEBUG Engine               - class com.almasb.fxgl.app.services.FXGLDialogService
13:47:38.201 [FXGL Background Thread 3 ] DEBUG Engine               - class com.almasb.fxgl.app.services.IOTaskExecutorService
13:47:38.201 [FXGL Background Thread 3 ] DEBUG Engine               - class com.almasb.fxgl.io.FileSystemService
13:47:38.201 [FXGL Background Thread 3 ] DEBUG Engine               - class com.almasb.fxgl.localization.LocalizationService
13:47:38.201 [FXGL Background Thread 3 ] DEBUG Engine               - class com.almasb.fxgl.app.services.SystemBundleService
13:47:38.201 [FXGL Background Thread 3 ] DEBUG Engine               - class com.almasb.fxgl.profile.SaveLoadService
13:47:38.201 [FXGL Background Thread 3 ] DEBUG Engine               - class com.almasb.fxgl.ui.FXGLUIFactoryServiceProvider
13:47:38.201 [FXGL Background Thread 3 ] DEBUG Engine               - class com.almasb.fxgl.ui.FXGLDialogFactoryServiceProvider
13:47:38.201 [FXGL Background Thread 3 ] DEBUG Engine               - class com.almasb.fxgl.audio.AudioPlayer
13:47:38.201 [FXGL Background Thread 3 ] DEBUG Engine               - class com.almasb.fxgl.notification.impl.NotificationServiceProvider
13:47:38.202 [FXGL Background Thread 3 ] DEBUG Engine               - class com.almasb.fxgl.achievement.AchievementService
13:47:38.202 [FXGL Background Thread 3 ] DEBUG Engine               - class com.almasb.fxgl.cutscene.CutsceneService
13:47:38.202 [FXGL Background Thread 3 ] DEBUG Engine               - class com.almasb.fxgl.minigames.MiniGameService
13:47:38.202 [FXGL Background Thread 3 ] DEBUG Engine               - class com.almasb.fxgl.net.NetService
13:47:38.202 [FXGL Background Thread 3 ] DEBUG Engine               - class com.almasb.fxgl.app.services.UpdaterService
13:47:38.202 [FXGL Background Thread 3 ] DEBUG Engine               - class com.almasb.fxgl.dev.DevService
13:47:53.017 [JavaFX Application Thread] DEBUG FXGLApplication      - Exiting FXGL
13:47:53.017 [JavaFX Application Thread] DEBUG Async                - Shutting down background threads
13:47:53.017 [JavaFX Application Thread] DEBUG PrimaryStageWindow   - Closing main window
13:47:53.023 [JavaFX Application Thread] DEBUG Logger               - Closing Logger
