14:42:24.188 [main                     ] DEBUG Logger               - Configured Logger
14:42:24.207 [main                     ] DEBUG GameApplication      - Logging settings
Title: ATGM Simulator
Version: 0.1
Width: 1200
Height: 800
Fullscreen: false
Intro: false
Profiling: false
Single step:false
App Mode: DEVELOPER
Menu Key: ESCAPE
Stage Style: DECORATED
Scene Factory: class com.almasb.fxgl.app.scene.SceneFactory

14:42:24.432 [JavaFX Application Thread] DEBUG FXGLApplication      - Initializing FXGL
14:42:24.436 [JavaFX Application Thread] INFO  Engine               - FXGL-17.2 (20.08.2022 16.50) on WINDOWS (J:18.0.2 FX:18.0.2)
14:42:24.437 [JavaFX Application Thread] DEBUG Engine               - JRE Vendor Name: Oracle Corporation
14:42:24.437 [JavaFX Application Thread] DEBUG Engine               - Running on OS: Windows 10 version 10.0
14:42:24.437 [JavaFX Application Thread] DEBUG Engine               - Architecture: amd64
14:42:24.437 [JavaFX Application Thread] INFO  Engine               - Source code and latest versions at: https://github.com/AlmasB/FXGL
14:42:24.437 [JavaFX Application Thread] INFO  Engine               -       Ask questions and discuss at: https://github.com/AlmasB/FXGL/discussions
14:42:24.437 [JavaFX Application Thread] INFO  Engine               -              Join the FXGL chat at: https://gitter.im/AlmasB/FXGL
14:42:24.497 [JavaFX Application Thread] DEBUG PrimaryStageWindow   - Creating a JavaFX scene
14:42:24.525 [JavaFX Application Thread] DEBUG PrimaryStageWindow   - Target settings size: 1200.0 x 800.0
14:42:24.525 [JavaFX Application Thread] DEBUG PrimaryStageWindow   - Scaled scene size:    1200.0 x 800.0
14:42:24.526 [JavaFX Application Thread] DEBUG PrimaryStageWindow   - Scaled ratio: (1.0, 1.0)
14:42:24.526 [JavaFX Application Thread] DEBUG PrimaryStageWindow   - Set initial scene to FXGLStartupScene
14:42:24.530 [JavaFX Application Thread] DEBUG PrimaryStageWindow   - Opening main window
14:42:24.584 [JavaFX Application Thread] DEBUG PrimaryStageWindow   - Window border size: (16.0, 39.0)
14:42:24.585 [JavaFX Application Thread] DEBUG PrimaryStageWindow   - Scaled size: 1200.0 x 800.0
14:42:24.585 [JavaFX Application Thread] DEBUG PrimaryStageWindow   - Scaled ratio: (1.0, 1.0)
14:42:24.585 [JavaFX Application Thread] DEBUG PrimaryStageWindow   - Scene size: 1200.0 x 800.0
14:42:24.585 [JavaFX Application Thread] DEBUG PrimaryStageWindow   - Stage size: 1216.0 x 839.0
14:42:24.589 [FXGL Background Thread 1 ] DEBUG Engine               - Initializing environment variables
14:42:24.620 [FXGL Background Thread 1 ] DEBUG FXGLAssetLoaderServi - User app class for loading assets: class com.example.atgmsimulator.MainGameProcess
14:42:24.620 [FXGL Background Thread 1 ] DEBUG GameApplicationServi - Applying CSS: fxgl_dark.css
14:42:24.621 [FXGL Background Thread 1 ] DEBUG FXGLAssetLoaderServi - Loading from file system: jar:file:///C:/Users/tofit/.gradle/caches/modules-2/files-2.1/com.github.almasb/fxgl/17.2/35db6ae960eec2dcfd19262d3b7f9c42f0e95bc3/fxgl-17.2.jar!/fxglassets/ui/css/fxgl_dark.css
14:42:24.652 [FXGL Background Thread 1 ] DEBUG GameApplicationServi - Initializing application scenes
14:42:24.671 [FXGL Background Thread 1 ] DEBUG GameWorld            - Game world initialized
14:42:24.708 [FXGL Background Thread 1 ] DEBUG PhysicsWorld         - Physics world initialized: appHeight=800, physics.ppm=50.0
14:42:24.708 [FXGL Background Thread 1 ] DEBUG PhysicsWorld         - Using strategy: BRUTE_FORCE
14:42:24.711 [FXGL Background Thread 1 ] DEBUG GameScene            - Game scene initialized: 1200x800
14:42:24.722 [FXGL Background Thread 1 ] DEBUG FXGL.DefaultMenu     - createMenuBodyGameMenu()
14:42:24.730 [FXGL Background Thread 1 ] DEBUG FXGL.DefaultMenu     - createOptionsMenu()
14:42:24.737 [FXGL Background Thread 1 ] DEBUG FXGLAssetLoaderServi - Loading from file system: jar:file:///C:/Users/tofit/.gradle/caches/modules-2/files-2.1/com.github.almasb/fxgl/17.2/35db6ae960eec2dcfd19262d3b7f9c42f0e95bc3/fxgl-17.2.jar!/fxglassets/textures/particles/smoke.png
14:42:24.797 [FXGL Background Thread 1 ] DEBUG FXGLAssetLoaderServi - Loading from file system: jar:file:///C:/Users/tofit/.gradle/caches/modules-2/files-2.1/com.github.almasb/fxgl/17.2/35db6ae960eec2dcfd19262d3b7f9c42f0e95bc3/fxgl-17.2.jar!/fxglassets/textures/particles/trace_horizontal.png
14:42:24.821 [FXGL Background Thread 1 ] DEBUG GameApplicationServi - Application scenes initialized
14:42:24.827 [FXGL Background Thread 1 ] DEBUG SystemBundleService  - Loading FXGL system data
14:42:24.830 [FXGL Background Thread 1 ] DEBUG FileSystemAccess     - Reading from: C:\Users\tofit\IdeaProjects\ATGMSimulator\system\fxgl.bundle
14:42:24.836 [FXGL Background Thread 1 ] DEBUG SystemBundleService  - Bundle FXGL: {}
14:42:24.836 [FXGL Background Thread 1 ] DEBUG UpdaterService       - Checking for updates
14:42:24.839 [FXGL Background Thread 4 ] DEBUG FXGLApplication      - Loading fonts
14:42:24.839 [FXGL Background Thread 4 ] DEBUG FXGLAssetLoaderServi - Loading from file system: jar:file:///C:/Users/tofit/.gradle/caches/modules-2/files-2.1/com.github.almasb/fxgl/17.2/35db6ae960eec2dcfd19262d3b7f9c42f0e95bc3/fxgl-17.2.jar!/fxglassets/ui/fonts/VarelaRound-Regular.ttf
14:42:24.839 [FXGL Background Thread 1 ] DEBUG FXGLApplication      - Loading default localization
14:42:24.839 [FXGL Background Thread 1 ] DEBUG FXGLAssetLoaderServi - Loading from file system: jar:file:///C:/Users/tofit/.gradle/caches/modules-2/files-2.1/com.github.almasb/fxgl/17.2/35db6ae960eec2dcfd19262d3b7f9c42f0e95bc3/fxgl-17.2.jar!/fxglassets/languages/english.lang
14:42:24.849 [FXGL Background Thread 1 ] INFO  FXGLApplication      - FXGL initialization took: 0.260 sec
14:42:24.856 [JavaFX Application Thread] DEBUG Input                - Registered new binding: action0 - D
14:42:24.856 [JavaFX Application Thread] DEBUG Input                - Registered new binding: action1 - A
14:42:24.856 [JavaFX Application Thread] DEBUG Input                - Registered new binding: action2 - W
14:42:24.856 [JavaFX Application Thread] DEBUG Input                - Registered new binding: action3 - S
14:42:24.857 [JavaFX Application Thread] DEBUG FXGLAssetLoaderServi - Loading from file system: jar:file:///C:/Users/tofit/.gradle/caches/modules-2/files-2.1/com.github.almasb/fxgl/17.2/35db6ae960eec2dcfd19262d3b7f9c42f0e95bc3/fxgl-17.2.jar!/fxglassets/textures/fxgl_icon.png
14:42:24.871 [JavaFX Application Thread] DEBUG FXGLAssetLoaderServi - Loading from file system: jar:file:///C:/Users/tofit/.gradle/caches/modules-2/files-2.1/com.github.almasb/fxgl/17.2/35db6ae960eec2dcfd19262d3b7f9c42f0e95bc3/fxgl-17.2.jar!/fxglassets/textures/fxgl_default_cursor.png
14:42:24.873 [JavaFX Application Thread] DEBUG Input                - Registered new binding: Screenshot - CTRL+8
14:42:24.873 [JavaFX Application Thread] DEBUG Input                - Registered new binding: System info dump - CTRL+9
14:42:24.873 [JavaFX Application Thread] DEBUG Input                - Registered new binding: Restart - CTRL+R
14:42:24.874 [JavaFX Application Thread] DEBUG Input                - Registered new binding: Toggle Debug Camera - CTRL+7
14:42:24.875 [JavaFX Application Thread] DEBUG LoopRunner           - Starting loop
14:42:24.875 [JavaFX Application Thread] DEBUG LoopRunner           - Initializing JavaFX AnimationTimerLoop
14:42:24.876 [JavaFX Application Thread] DEBUG GameApplicationServi - Starting new game
14:42:24.876 [JavaFX Application Thread] DEBUG Input                - Clearing active input actions
14:42:24.883 [FXGL Background Thread 4 ] DEBUG FXGLAssetLoaderServi - Loading from file system: jar:file:///C:/Users/tofit/.gradle/caches/modules-2/files-2.1/com.github.almasb/fxgl/17.2/35db6ae960eec2dcfd19262d3b7f9c42f0e95bc3/fxgl-17.2.jar!/fxglassets/ui/fonts/Abel-Regular.ttf
14:42:24.885 [JavaFX Application Thread] DEBUG GameApplicationServi - Removing overlay from FXGLStartupScene and adding to FXGLLoadingScene
14:42:24.886 [JavaFX Application Thread] DEBUG PrimaryStageWindow   - FXGLStartupScene -> FXGLLoadingScene
14:42:24.886 [JavaFX Application Thread] DEBUG GameApplicationServi - Clearing previous game
14:42:24.886 [JavaFX Application Thread] DEBUG GameScene            - Clearing game scene
14:42:24.886 [JavaFX Application Thread] DEBUG GameWorld            - Clearing game world
14:42:24.886 [JavaFX Application Thread] DEBUG PhysicsWorld         - Clearing physics world
14:42:24.887 [FXGL Background Thread 1 ] DEBUG FXGLApplication      - Initializing game
14:42:24.890 [FXGL Background Thread 4 ] DEBUG FXGLAssetLoaderServi - Loading from file system: jar:file:///C:/Users/tofit/.gradle/caches/modules-2/files-2.1/com.github.almasb/fxgl/17.2/35db6ae960eec2dcfd19262d3b7f9c42f0e95bc3/fxgl-17.2.jar!/fxglassets/ui/fonts/TerminalLandMono-Regular.otf
14:42:24.897 [FXGL Background Thread 4 ] DEBUG FXGLAssetLoaderServi - Loading from file system: jar:file:///C:/Users/tofit/.gradle/caches/modules-2/files-2.1/com.github.almasb/fxgl/17.2/35db6ae960eec2dcfd19262d3b7f9c42f0e95bc3/fxgl-17.2.jar!/fxglassets/ui/fonts/Courier-Prime.ttf
14:42:24.897 [FXGL Background Thread 1 ] DEBUG FXGLAssetLoaderServi - Loading from file system: file:/C:/Users/tofit/IdeaProjects/ATGMSimulator/src/main/resources/assets/textures/ATGMrocket.png
14:42:24.922 [FXGL Background Thread 1 ] DEBUG FXGLAssetLoaderServi - Loading from file system: file:/C:/Users/tofit/IdeaProjects/ATGMSimulator/src/main/resources/assets/textures/T90M.png
14:42:24.928 [JavaFX Application Thread] DEBUG FXGLApplication      - Registering font factories with UI factory
14:42:24.937 [FXGL Background Thread 1 ] WARN  Entity               - Entity already has component: com.almasb.fxgl.entity.components.CollidableComponent
14:42:24.938 [FXGL Background Thread 1 ] INFO  FXGLApplication      - Game initialization took: 0.051 sec
14:42:24.972 [JavaFX Application Thread] DEBUG Input                - Clearing active input actions
14:42:24.983 [JavaFX Application Thread] DEBUG GameApplicationServi - Removing overlay from FXGLLoadingScene and adding to GameScene
14:42:24.983 [JavaFX Application Thread] DEBUG PrimaryStageWindow   - FXGLLoadingScene -> GameScene
14:42:25.207 [FXGL Background Thread 2 ] INFO  UpdaterService       - Your current version:  17.2
14:42:25.207 [FXGL Background Thread 2 ] INFO  UpdaterService       - Latest stable version: 17.3
14:42:27.838 [FXGL Background Thread 3 ] DEBUG Engine               - Logging environment variables
14:42:27.838 [FXGL Background Thread 3 ] DEBUG Engine               - achievements: []
14:42:27.838 [FXGL Background Thread 3 ] DEBUG Engine               - actualHeight: 800.0
14:42:27.838 [FXGL Background Thread 3 ] DEBUG Engine               - actualHeightProperty: ReadOnlyDoubleProperty [value: 800.0]
14:42:27.838 [FXGL Background Thread 3 ] DEBUG Engine               - actualWidth: 1200.0
14:42:27.838 [FXGL Background Thread 3 ] DEBUG Engine               - actualWidthProperty: ReadOnlyDoubleProperty [value: 1200.0]
14:42:27.838 [FXGL Background Thread 3 ] DEBUG Engine               - appIcon: fxgl_icon.png
14:42:27.838 [FXGL Background Thread 3 ] DEBUG Engine               - applicationMode: DEVELOPER
14:42:27.839 [FXGL Background Thread 3 ] DEBUG Engine               - cSSList: [fxgl_dark.css]
14:42:27.839 [FXGL Background Thread 3 ] DEBUG Engine               - collisionDetectionStrategy: BRUTE_FORCE
14:42:27.839 [FXGL Background Thread 3 ] DEBUG Engine               - configClass: Optional.empty
14:42:27.839 [FXGL Background Thread 3 ] DEBUG Engine               - credits: []
14:42:27.839 [FXGL Background Thread 3 ] DEBUG Engine               - defaultCursor: CursorInfo(imageName=fxgl_default_cursor.png, hotspotX=7.0, hotspotY=6.0)
14:42:27.839 [FXGL Background Thread 3 ] DEBUG Engine               - devBBoxColorProperty: ObjectProperty [value: 0xff0000ff]
14:42:27.839 [FXGL Background Thread 3 ] DEBUG Engine               - devEnableDebugCameraProperty: BooleanProperty [value: false]
14:42:27.839 [FXGL Background Thread 3 ] DEBUG Engine               - devSensorColorProperty: ObjectProperty [value: 0xffff00ff]
14:42:27.839 [FXGL Background Thread 3 ] DEBUG Engine               - devShowBBoxProperty: BooleanProperty [value: false]
14:42:27.839 [FXGL Background Thread 3 ] DEBUG Engine               - devShowPositionProperty: BooleanProperty [value: false]
14:42:27.839 [FXGL Background Thread 3 ] DEBUG Engine               - enabledMenuItems: []
14:42:27.839 [FXGL Background Thread 3 ] DEBUG Engine               - engineServices: [class com.almasb.fxgl.app.services.FXGLAssetLoaderService, class com.almasb.fxgl.app.FXGLApplication$GameApplicationService, class com.almasb.fxgl.app.services.FXGLDialogService, class com.almasb.fxgl.app.services.IOTaskExecutorService, class com.almasb.fxgl.io.FileSystemService, class com.almasb.fxgl.localization.LocalizationService, class com.almasb.fxgl.app.services.SystemBundleService, class com.almasb.fxgl.profile.SaveLoadService, class com.almasb.fxgl.ui.FXGLUIFactoryServiceProvider, class com.almasb.fxgl.ui.FXGLDialogFactoryServiceProvider, class com.almasb.fxgl.audio.AudioPlayer, class com.almasb.fxgl.notification.impl.NotificationServiceProvider, class com.almasb.fxgl.achievement.AchievementService, class com.almasb.fxgl.cutscene.CutsceneService, class com.almasb.fxgl.minigames.MiniGameService, class com.almasb.fxgl.net.NetService, class com.almasb.fxgl.app.services.UpdaterService, class com.almasb.fxgl.dev.DevService]
14:42:27.839 [FXGL Background Thread 3 ] DEBUG Engine               - fontGame: Abel-Regular.ttf
14:42:27.839 [FXGL Background Thread 3 ] DEBUG Engine               - fontMono: TerminalLandMono-Regular.otf
14:42:27.839 [FXGL Background Thread 3 ] DEBUG Engine               - fontText: Courier-Prime.ttf
14:42:27.840 [FXGL Background Thread 3 ] DEBUG Engine               - fontUI: VarelaRound-Regular.ttf
14:42:27.840 [FXGL Background Thread 3 ] DEBUG Engine               - fullScreen: BooleanProperty [value: false]
14:42:27.840 [FXGL Background Thread 3 ] DEBUG Engine               - gameDifficulty: MEDIUM
14:42:27.840 [FXGL Background Thread 3 ] DEBUG Engine               - gameDifficultyProperty: ObjectProperty [value: MEDIUM]
14:42:27.840 [FXGL Background Thread 3 ] DEBUG Engine               - globalMusicVolume: 0.5
14:42:27.840 [FXGL Background Thread 3 ] DEBUG Engine               - globalMusicVolumeProperty: DoubleProperty [value: 0.5]
14:42:27.840 [FXGL Background Thread 3 ] DEBUG Engine               - globalSoundVolume: 0.5
14:42:27.840 [FXGL Background Thread 3 ] DEBUG Engine               - globalSoundVolumeProperty: DoubleProperty [value: 0.5]
14:42:27.840 [FXGL Background Thread 3 ] DEBUG Engine               - height: 800
14:42:27.840 [FXGL Background Thread 3 ] DEBUG Engine               - is3D: false
14:42:27.840 [FXGL Background Thread 3 ] DEBUG Engine               - isAndroid: false
14:42:27.840 [FXGL Background Thread 3 ] DEBUG Engine               - isBrowser: false
14:42:27.840 [FXGL Background Thread 3 ] DEBUG Engine               - isClickFeedbackEnabled: false
14:42:27.840 [FXGL Background Thread 3 ] DEBUG Engine               - isCloseConfirmation: false
14:42:27.840 [FXGL Background Thread 3 ] DEBUG Engine               - isDesktop: true
14:42:27.840 [FXGL Background Thread 3 ] DEBUG Engine               - isDeveloperMenuEnabled: false
14:42:27.840 [FXGL Background Thread 3 ] DEBUG Engine               - isEmbedded: false
14:42:27.840 [FXGL Background Thread 3 ] DEBUG Engine               - isEntityPreloadEnabled: true
14:42:27.840 [FXGL Background Thread 3 ] DEBUG Engine               - isExperimentalTiledLargeMap: false
14:42:27.840 [FXGL Background Thread 3 ] DEBUG Engine               - isFileSystemWriteAllowed: true
14:42:27.841 [FXGL Background Thread 3 ] DEBUG Engine               - isFullScreenAllowed: false
14:42:27.841 [FXGL Background Thread 3 ] DEBUG Engine               - isFullScreenFromStart: false
14:42:27.841 [FXGL Background Thread 3 ] DEBUG Engine               - isGameMenuEnabled: true
14:42:27.841 [FXGL Background Thread 3 ] DEBUG Engine               - isIOS: false
14:42:27.841 [FXGL Background Thread 3 ] DEBUG Engine               - isIntroEnabled: false
14:42:27.841 [FXGL Background Thread 3 ] DEBUG Engine               - isLinux: false
14:42:27.841 [FXGL Background Thread 3 ] DEBUG Engine               - isMac: false
14:42:27.841 [FXGL Background Thread 3 ] DEBUG Engine               - isMainMenuEnabled: false
14:42:27.841 [FXGL Background Thread 3 ] DEBUG Engine               - isManualResizeEnabled: true
14:42:27.841 [FXGL Background Thread 3 ] DEBUG Engine               - isMobile: false
14:42:27.841 [FXGL Background Thread 3 ] DEBUG Engine               - isNative: false
14:42:27.841 [FXGL Background Thread 3 ] DEBUG Engine               - isPauseMusicWhenMinimized: true
14:42:27.841 [FXGL Background Thread 3 ] DEBUG Engine               - isPreserveResizeRatio: false
14:42:27.841 [FXGL Background Thread 3 ] DEBUG Engine               - isProfilingEnabled: false
14:42:27.841 [FXGL Background Thread 3 ] DEBUG Engine               - isScaleAffectedOnResize: true
14:42:27.841 [FXGL Background Thread 3 ] DEBUG Engine               - isSingleStep: false
14:42:27.841 [FXGL Background Thread 3 ] DEBUG Engine               - isUserProfileEnabled: false
14:42:27.841 [FXGL Background Thread 3 ] DEBUG Engine               - isWindows: true
14:42:27.841 [FXGL Background Thread 3 ] DEBUG Engine               - language: ObjectProperty [value: ENGLISH]
14:42:27.841 [FXGL Background Thread 3 ] DEBUG Engine               - menuKey: ESCAPE
14:42:27.841 [FXGL Background Thread 3 ] DEBUG Engine               - mouseSensitivity: 0.2
14:42:27.841 [FXGL Background Thread 3 ] DEBUG Engine               - notificationViewClass: class com.almasb.fxgl.notification.view.XboxNotificationView
14:42:27.842 [FXGL Background Thread 3 ] DEBUG Engine               - pixelsPerMeter: 50.0
14:42:27.842 [FXGL Background Thread 3 ] DEBUG Engine               - platform: WINDOWS
14:42:27.842 [FXGL Background Thread 3 ] DEBUG Engine               - prefHeightProperty: ReadOnlyDoubleProperty [value: 800.0]
14:42:27.842 [FXGL Background Thread 3 ] DEBUG Engine               - prefWidthProperty: ReadOnlyDoubleProperty [value: 1200.0]
14:42:27.842 [FXGL Background Thread 3 ] DEBUG Engine               - profileDir: profiles/
14:42:27.842 [FXGL Background Thread 3 ] DEBUG Engine               - profileName: StringProperty [value: DEFAULT]
14:42:27.842 [FXGL Background Thread 3 ] DEBUG Engine               - randomSeed: -1
14:42:27.842 [FXGL Background Thread 3 ] DEBUG Engine               - runtimeInfo: RuntimeInfo(platform=WINDOWS, version=17.2, build=20.08.2022 16.50)
14:42:27.842 [FXGL Background Thread 3 ] DEBUG Engine               - saveFileExt: sav
14:42:27.842 [FXGL Background Thread 3 ] DEBUG Engine               - scaledHeightProp$fxgl: DoubleProperty [bound, value: 800.0]
14:42:27.842 [FXGL Background Thread 3 ] DEBUG Engine               - scaledWidthProp$fxgl: DoubleProperty [bound, value: 1200.0]
14:42:27.842 [FXGL Background Thread 3 ] DEBUG Engine               - sceneFactory: com.almasb.fxgl.app.scene.SceneFactory@6fef5cb0
14:42:27.842 [FXGL Background Thread 3 ] DEBUG Engine               - secondsIn24h: 60
14:42:27.842 [FXGL Background Thread 3 ] DEBUG Engine               - soundMenuBack: menu/back.wav
14:42:27.842 [FXGL Background Thread 3 ] DEBUG Engine               - soundMenuPress: menu/press.wav
14:42:27.842 [FXGL Background Thread 3 ] DEBUG Engine               - soundMenuSelect: menu/select.wav
14:42:27.843 [FXGL Background Thread 3 ] DEBUG Engine               - soundNotification: core/notification.wav
14:42:27.843 [FXGL Background Thread 3 ] DEBUG Engine               - stageStyle: DECORATED
14:42:27.843 [FXGL Background Thread 3 ] DEBUG Engine               - supportedLanguages: [ENGLISH, FRENCH, GERMAN, HUNGARIAN, RUSSIAN]
14:42:27.843 [FXGL Background Thread 3 ] DEBUG Engine               - ticksPerSecond: -1
14:42:27.843 [FXGL Background Thread 3 ] DEBUG Engine               - title: ATGM Simulator
14:42:27.843 [FXGL Background Thread 3 ] DEBUG Engine               - urlGithub: https://github.com/AlmasB/FXGL
14:42:27.843 [FXGL Background Thread 3 ] DEBUG Engine               - urlLeaderboard: http://fxgl-top.herokuapp.com/
14:42:27.843 [FXGL Background Thread 3 ] DEBUG Engine               - urlPOM: https://raw.githubusercontent.com/AlmasB/FXGL/release/README.md
14:42:27.843 [FXGL Background Thread 3 ] DEBUG Engine               - userAppClass: class com.example.atgmsimulator.MainGameProcess
14:42:27.843 [FXGL Background Thread 3 ] DEBUG Engine               - version: 0.1
14:42:27.843 [FXGL Background Thread 3 ] DEBUG Engine               - versionCheckDays: 7
14:42:27.843 [FXGL Background Thread 3 ] DEBUG Engine               - width: 1200
14:42:27.843 [FXGL Background Thread 3 ] DEBUG Engine               - Logging services
14:42:27.843 [FXGL Background Thread 3 ] DEBUG Engine               - class com.almasb.fxgl.app.services.FXGLAssetLoaderService
14:42:27.843 [FXGL Background Thread 3 ] DEBUG Engine               - class com.almasb.fxgl.app.FXGLApplication$GameApplicationService
14:42:27.843 [FXGL Background Thread 3 ] DEBUG Engine               - class com.almasb.fxgl.app.services.FXGLDialogService
14:42:27.843 [FXGL Background Thread 3 ] DEBUG Engine               - class com.almasb.fxgl.app.services.IOTaskExecutorService
14:42:27.843 [FXGL Background Thread 3 ] DEBUG Engine               - class com.almasb.fxgl.io.FileSystemService
14:42:27.843 [FXGL Background Thread 3 ] DEBUG Engine               - class com.almasb.fxgl.localization.LocalizationService
14:42:27.843 [FXGL Background Thread 3 ] DEBUG Engine               - class com.almasb.fxgl.app.services.SystemBundleService
14:42:27.843 [FXGL Background Thread 3 ] DEBUG Engine               - class com.almasb.fxgl.profile.SaveLoadService
14:42:27.843 [FXGL Background Thread 3 ] DEBUG Engine               - class com.almasb.fxgl.ui.FXGLUIFactoryServiceProvider
14:42:27.843 [FXGL Background Thread 3 ] DEBUG Engine               - class com.almasb.fxgl.ui.FXGLDialogFactoryServiceProvider
14:42:27.843 [FXGL Background Thread 3 ] DEBUG Engine               - class com.almasb.fxgl.audio.AudioPlayer
14:42:27.843 [FXGL Background Thread 3 ] DEBUG Engine               - class com.almasb.fxgl.notification.impl.NotificationServiceProvider
14:42:27.843 [FXGL Background Thread 3 ] DEBUG Engine               - class com.almasb.fxgl.achievement.AchievementService
14:42:27.843 [FXGL Background Thread 3 ] DEBUG Engine               - class com.almasb.fxgl.cutscene.CutsceneService
14:42:27.843 [FXGL Background Thread 3 ] DEBUG Engine               - class com.almasb.fxgl.minigames.MiniGameService
14:42:27.844 [FXGL Background Thread 3 ] DEBUG Engine               - class com.almasb.fxgl.net.NetService
14:42:27.844 [FXGL Background Thread 3 ] DEBUG Engine               - class com.almasb.fxgl.app.services.UpdaterService
14:42:27.844 [FXGL Background Thread 3 ] DEBUG Engine               - class com.almasb.fxgl.dev.DevService
14:42:46.056 [JavaFX Application Thread] DEBUG FXGLApplication      - Exiting FXGL
14:42:46.056 [JavaFX Application Thread] DEBUG LoopRunner           - Stopping loop
14:42:46.056 [JavaFX Application Thread] DEBUG SystemBundleService  - Saving FXGL system data
14:42:46.058 [JavaFX Application Thread] DEBUG FileSystemAccess     - Writing to: C:\Users\tofit\IdeaProjects\ATGMSimulator\system\fxgl.bundle
14:42:46.059 [JavaFX Application Thread] DEBUG Async                - Shutting down background threads
14:42:46.059 [JavaFX Application Thread] DEBUG PrimaryStageWindow   - Closing main window
14:42:46.067 [JavaFX Application Thread] DEBUG Logger               - Closing Logger
